# PID 1
https://petermalmgren.com/signal-handling-docker/
https://blog.phusion.nl/2015/01/20/docker-and-the-pid-1-zombie-reaping-problem/
https://worp.io/docker-and-zombie-processes-pid-1-in-containers/

# best practices
https://sysdig.com/blog/dockerfile-best-practices/

https://docs.docker.com/develop/develop-images/dockerfile_best-practices/
https://www.qovery.com/blog/best-practices-and-tips-for-writing-a-dockerfile
https://codefresh.io/docker-tutorial/not-ignore-dockerignore-2/

# nginx
https://www.nginx.com/resources/wiki/start/topics/tutorials/config_pitfalls/
https://www.nginx.com/resources/wiki/start/

# ssl
https://www.openssl.org/docs/man1.0.2/man1/openssl-req.html
# debut du site sympa
https://www.wistee.fr/installer-ssl/activer-ssl-nginx.html

# docker compose
https://docs.docker.com/compose/gettingstarted/
https://docs.docker.com/compose/reference/

https://docs.docker.com/compose/compose-file/compose-file-v3/
https://gabrieltanner.org/blog/docker-compose

# Volume
# Need to use path mapping

# Env var
# use .Env (strongly recommended in subject)

# mysql
https://www.digitalocean.com/community/tutorials/how-to-install-mariadb-on-debian-10

https://linux.die.net/man/1/mysqld

# video
https://www.youtube.com/watch?v=3c-iBn73dDE&t=2s
